\BOOKMARK [1][-]{section.1}{\376\377\000O\000v\000e\000r\000v\000i\000e\000w}{}% 1
\BOOKMARK [1][-]{section.2}{\376\377\000T\000e\000c\000h\000\040\000S\000t\000a\000c\000k}{}% 2
\BOOKMARK [2][-]{subsection.2.1}{\376\377\000F\000r\000o\000n\000t\000e\000n\000d}{section.2}% 3
\BOOKMARK [2][-]{subsection.2.2}{\376\377\000B\000a\000c\000k\000e\000n\000d}{section.2}% 4
\BOOKMARK [2][-]{subsection.2.3}{\376\377\000D\000a\000t\000a\000b\000a\000s\000e}{section.2}% 5
\BOOKMARK [2][-]{subsection.2.4}{\376\377\000C\000l\000o\000u\000d}{section.2}% 6
\BOOKMARK [1][-]{section.3}{\376\377\000A\000u\000t\000h\000e\000n\000t\000i\000c\000a\000t\000i\000o\000n\000\040\000\046\000\040\000U\000s\000e\000r\000\040\000M\000a\000n\000a\000g\000e\000m\000e\000n\000t}{}% 7
\BOOKMARK [2][-]{subsection.3.1}{\376\377\000U\000s\000e\000r\000\040\000A\000u\000t\000h\000e\000n\000t\000i\000c\000a\000t\000i\000o\000n\000\040\000S\000y\000s\000t\000e\000m}{section.3}% 8
\BOOKMARK [2][-]{subsection.3.2}{\376\377\000D\000e\000f\000e\000r\000r\000e\000d\000\040\000f\000o\000r\000\040\000F\000u\000t\000u\000r\000e\000\040\000I\000m\000p\000l\000e\000m\000e\000n\000t\000a\000t\000i\000o\000n}{section.3}% 9
\BOOKMARK [1][-]{section.4}{\376\377\000B\000u\000s\000i\000n\000e\000s\000s\000\040\000M\000a\000n\000a\000g\000e\000m\000e\000n\000t}{}% 10
\BOOKMARK [2][-]{subsection.4.1}{\376\377\000B\000u\000s\000i\000n\000e\000s\000s\000\040\000P\000r\000o\000f\000i\000l\000e\000\040\000S\000y\000s\000t\000e\000m}{section.4}% 11
\BOOKMARK [2][-]{subsection.4.2}{\376\377\000D\000e\000f\000e\000r\000r\000e\000d\000\040\000f\000o\000r\000\040\000F\000u\000t\000u\000r\000e\000\040\000I\000m\000p\000l\000e\000m\000e\000n\000t\000a\000t\000i\000o\000n}{section.4}% 12
\BOOKMARK [1][-]{section.5}{\376\377\000S\000e\000r\000v\000i\000c\000e\000\040\000M\000a\000n\000a\000g\000e\000m\000e\000n\000t}{}% 13
\BOOKMARK [2][-]{subsection.5.1}{\376\377\000S\000e\000r\000v\000i\000c\000e\000\040\000T\000y\000p\000e}{section.5}% 14
\BOOKMARK [2][-]{subsection.5.2}{\376\377\000S\000e\000r\000v\000i\000c\000e\000\040\000P\000r\000o\000f\000i\000l\000e\000\040\000L\000i\000n\000k\000e\000d\000\040\000t\000o\000\040\000B\000u\000s\000i\000n\000e\000s\000s}{section.5}% 15
\BOOKMARK [1][-]{section.6}{\376\377\000A\000p\000p\000o\000i\000n\000t\000m\000e\000n\000t\000\040\000S\000y\000s\000t\000e\000m}{}% 16
\BOOKMARK [2][-]{subsection.6.1}{\376\377\000C\000u\000r\000r\000e\000n\000t\000\040\000I\000m\000p\000l\000e\000m\000e\000n\000t\000a\000t\000i\000o\000n}{section.6}% 17
\BOOKMARK [2][-]{subsection.6.2}{\376\377\000D\000e\000f\000e\000r\000r\000e\000d\000\040\000F\000e\000a\000t\000u\000r\000e\000s}{section.6}% 18
\BOOKMARK [1][-]{section.7}{\376\377\000S\000e\000a\000r\000c\000h\000\040\000\046\000\040\000D\000i\000s\000c\000o\000v\000e\000r\000y}{}% 19
\BOOKMARK [2][-]{subsection.7.1}{\376\377\000B\000a\000s\000i\000c\000\040\000B\000u\000s\000i\000n\000e\000s\000s\000\040\000S\000e\000a\000r\000c\000h}{section.7}% 20
\BOOKMARK [2][-]{subsection.7.2}{\376\377\000D\000e\000f\000e\000r\000r\000e\000d\000\040\000F\000e\000a\000t\000u\000r\000e\000s}{section.7}% 21
\BOOKMARK [1][-]{section.8}{\376\377\000B\000a\000s\000i\000c\000\040\000C\000u\000s\000t\000o\000m\000e\000r\000\040\000F\000e\000a\000t\000u\000r\000e\000s}{}% 22
\BOOKMARK [2][-]{subsection.8.1}{\376\377\000S\000e\000r\000v\000i\000c\000e\000\040\000H\000i\000s\000t\000o\000r\000y}{section.8}% 23
\BOOKMARK [2][-]{subsection.8.2}{\376\377\000C\000o\000n\000s\000u\000l\000t\000a\000t\000i\000o\000n\000\040\000F\000o\000r\000m}{section.8}% 24
\BOOKMARK [2][-]{subsection.8.3}{\376\377\000R\000a\000t\000i\000n\000g\000/\000R\000e\000v\000i\000e\000w\000\040\000S\000y\000s\000t\000e\000m}{section.8}% 25
\BOOKMARK [2][-]{subsection.8.4}{\376\377\000U\000p\000c\000o\000m\000i\000n\000g\000\040\000A\000p\000p\000o\000i\000n\000t\000m\000e\000n\000t\000s}{section.8}% 26
\BOOKMARK [1][-]{section.9}{\376\377\000B\000u\000s\000i\000n\000e\000s\000s\000\040\000D\000a\000s\000h\000b\000o\000a\000r\000d}{}% 27
\BOOKMARK [2][-]{subsection.9.1}{\376\377\000A\000p\000p\000o\000i\000n\000t\000m\000e\000n\000t\000\040\000C\000a\000l\000e\000n\000d\000a\000r\000\040\000V\000i\000e\000w\000\040\000[\000D\000e\000f\000e\000r\000r\000e\000d\000]}{section.9}% 28
\BOOKMARK [2][-]{subsection.9.2}{\376\377\000D\000a\000i\000l\000y\000\040\000S\000c\000h\000e\000d\000u\000l\000e\000\040\000V\000i\000e\000w\000\040\000[\000D\000e\000f\000e\000r\000r\000e\000d\000\040\000o\000r\000\040\000N\000o\000t\000\040\000I\000n\000c\000l\000u\000d\000e\000d\000]}{section.9}% 29
\BOOKMARK [2][-]{subsection.9.3}{\376\377\000B\000a\000s\000i\000c\000\040\000C\000u\000s\000t\000o\000m\000e\000r\000\040\000L\000i\000s\000t\000\040\000[\000D\000e\000f\000e\000r\000r\000e\000d\000]}{section.9}% 30
\BOOKMARK [2][-]{subsection.9.4}{\376\377\000S\000i\000m\000p\000l\000e\000\040\000S\000e\000r\000v\000i\000c\000e\000\040\000M\000a\000n\000a\000g\000e\000m\000e\000n\000t\000\040\000I\000n\000t\000e\000r\000f\000a\000c\000e\000\040\000[\000D\000e\000f\000e\000r\000r\000e\000d\000]}{section.9}% 31
\BOOKMARK [1][-]{section.10}{\376\377\000C\000o\000m\000m\000u\000n\000i\000t\000y\000\040\000P\000a\000g\000e}{}% 32
\BOOKMARK [2][-]{subsection.10.1}{\376\377\000U\000s\000e\000r\000\040\000P\000r\000o\000f\000i\000l\000e\000s}{section.10}% 33
\BOOKMARK [2][-]{subsection.10.2}{\376\377\000S\000h\000a\000r\000i\000n\000g\000\040\000C\000o\000n\000t\000e\000n\000t\000\040\000a\000n\000d\000\040\000I\000n\000t\000e\000r\000a\000c\000t\000i\000o\000n}{section.10}% 34
\BOOKMARK [2][-]{subsection.10.3}{\376\377\000I\000n\000t\000e\000r\000a\000c\000t\000i\000o\000n\000\040\000w\000i\000t\000h\000\040\000B\000u\000s\000i\000n\000e\000s\000s\000e\000s}{section.10}% 35
\BOOKMARK [2][-]{subsection.10.4}{\376\377\000C\000o\000n\000t\000e\000n\000t\000\040\000D\000i\000s\000c\000o\000v\000e\000r\000y\000\040\000a\000n\000d\000\040\000T\000r\000e\000n\000d\000i\000n\000g\000\040\000T\000o\000p\000i\000c\000s}{section.10}% 36
\BOOKMARK [2][-]{subsection.10.5}{\376\377\000E\000v\000e\000n\000t\000\040\000a\000n\000d\000\040\000W\000e\000b\000i\000n\000a\000r\000\040\000I\000n\000t\000e\000g\000r\000a\000t\000i\000o\000n}{section.10}% 37
\BOOKMARK [2][-]{subsection.10.6}{\376\377\000P\000r\000i\000v\000a\000c\000y\000\040\000a\000n\000d\000\040\000M\000o\000d\000e\000r\000a\000t\000i\000o\000n}{section.10}% 38
\BOOKMARK [2][-]{subsection.10.7}{\376\377\000U\000s\000e\000r\000\040\000E\000n\000g\000a\000g\000e\000m\000e\000n\000t\000\040\000a\000n\000d\000\040\000R\000e\000w\000a\000r\000d\000s}{section.10}% 39
\BOOKMARK [2][-]{subsection.10.8}{\376\377\000P\000r\000e\000r\000e\000q\000u\000i\000s\000i\000t\000e\000\040\000F\000u\000n\000c\000t\000i\000o\000n\000a\000l\000i\000t\000i\000e\000s\000\040\000f\000o\000r\000\040\000C\000o\000m\000m\000u\000n\000i\000t\000y\000\040\000P\000a\000g\000e\000\040\000D\000e\000v\000e\000l\000o\000p\000m\000e\000n\000t}{section.10}% 40
\BOOKMARK [1][-]{section.11}{\376\377\000T\000e\000c\000h\000n\000i\000c\000a\000l\000\040\000R\000e\000q\000u\000i\000r\000e\000m\000e\000n\000t\000s}{}% 41
\BOOKMARK [2][-]{subsection.11.1}{\376\377\000M\000o\000b\000i\000l\000e\000-\000R\000e\000s\000p\000o\000n\000s\000i\000v\000e\000\040\000W\000e\000b\000\040\000A\000p\000p\000l\000i\000c\000a\000t\000i\000o\000n}{section.11}% 42
\BOOKMARK [2][-]{subsection.11.2}{\376\377\000E\000x\000p\000o\000\040\000M\000o\000b\000i\000l\000e\000\040\000A\000p\000p\000\040\000R\000e\000q\000u\000i\000r\000e\000m\000e\000n\000t\000s}{section.11}% 43
\BOOKMARK [2][-]{subsection.11.3}{\376\377\000B\000a\000s\000i\000c\000\040\000S\000e\000c\000u\000r\000i\000t\000y\000\040\000I\000m\000p\000l\000e\000m\000e\000n\000t\000a\000t\000i\000o\000n}{section.11}% 44
\BOOKMARK [2][-]{subsection.11.4}{\376\377\000E\000m\000a\000i\000l\000\040\000I\000n\000t\000e\000g\000r\000a\000t\000i\000o\000n\000\040\000f\000o\000r\000\040\000N\000o\000t\000i\000f\000i\000c\000a\000t\000i\000o\000n\000s}{section.11}% 45
\BOOKMARK [2][-]{subsection.11.5}{\376\377\000E\000r\000r\000o\000r\000\040\000H\000a\000n\000d\000l\000i\000n\000g\000\040\000a\000n\000d\000\040\000L\000o\000g\000g\000i\000n\000g}{section.11}% 46
\BOOKMARK [1][-]{section.12}{\376\377\000D\000a\000t\000a\000b\000a\000s\000e\000\040\000S\000c\000h\000e\000m\000a\000\040\000a\000n\000d\000\040\000R\000e\000q\000u\000i\000r\000e\000m\000e\000n\000t\000s}{}% 47
\BOOKMARK [2][-]{subsection.12.1}{\376\377\000C\000o\000r\000e\000\040\000D\000a\000t\000a\000b\000a\000s\000e\000\040\000S\000c\000h\000e\000m\000a}{section.12}% 48
\BOOKMARK [2][-]{subsection.12.2}{\376\377\000D\000a\000t\000a\000b\000a\000s\000e\000\040\000R\000e\000q\000u\000i\000r\000e\000m\000e\000n\000t\000s}{section.12}% 49
\BOOKMARK [1][-]{section.13}{\376\377\000A\000P\000I\000\040\000S\000p\000e\000c\000i\000f\000i\000c\000a\000t\000i\000o\000n\000s}{}% 50
\BOOKMARK [2][-]{subsection.13.1}{\376\377\000G\000r\000a\000p\000h\000Q\000L\000\040\000S\000c\000h\000e\000m\000a}{section.13}% 51
\BOOKMARK [2][-]{subsection.13.2}{\376\377\000A\000P\000I\000\040\000E\000n\000d\000p\000o\000i\000n\000t\000s\000\040\000a\000n\000d\000\040\000O\000p\000e\000r\000a\000t\000i\000o\000n\000s}{section.13}% 52
\BOOKMARK [1][-]{section.14}{\376\377\000T\000e\000s\000t\000i\000n\000g\000\040\000S\000t\000r\000a\000t\000e\000g\000y}{}% 53
\BOOKMARK [2][-]{subsection.14.1}{\376\377\000U\000n\000i\000t\000\040\000T\000e\000s\000t\000i\000n\000g}{section.14}% 54
\BOOKMARK [2][-]{subsection.14.2}{\376\377\000I\000n\000t\000e\000g\000r\000a\000t\000i\000o\000n\000\040\000T\000e\000s\000t\000i\000n\000g}{section.14}% 55
\BOOKMARK [2][-]{subsection.14.3}{\376\377\000E\000n\000d\000-\000t\000o\000-\000E\000n\000d\000\040\000\050\000E\0002\000E\000\051\000\040\000T\000e\000s\000t\000i\000n\000g}{section.14}% 56
\BOOKMARK [2][-]{subsection.14.4}{\376\377\000C\000o\000n\000t\000i\000n\000u\000o\000u\000s\000\040\000T\000e\000s\000t\000i\000n\000g\000\040\000a\000n\000d\000\040\000C\000I\000/\000C\000D\000\040\000I\000n\000t\000e\000g\000r\000a\000t\000i\000o\000n}{section.14}% 57
\BOOKMARK [1][-]{section.15}{\376\377\000D\000e\000p\000l\000o\000y\000m\000e\000n\000t}{}% 58
\BOOKMARK [2][-]{subsection.15.1}{\376\377\000M\000o\000b\000i\000l\000e\000\040\000A\000p\000p\000\040\000D\000i\000s\000t\000r\000i\000b\000u\000t\000i\000o\000n}{section.15}% 59
\BOOKMARK [2][-]{subsection.15.2}{\376\377\000A\000W\000S\000\040\000S\000e\000t\000u\000p}{section.15}% 60
\BOOKMARK [2][-]{subsection.15.3}{\376\377\000D\000o\000m\000a\000i\000n\000\040\000C\000o\000n\000f\000i\000g\000u\000r\000a\000t\000i\000o\000n}{section.15}% 61
\BOOKMARK [2][-]{subsection.15.4}{\376\377\000C\000I\000/\000C\000D\000\040\000P\000i\000p\000e\000l\000i\000n\000e}{section.15}% 62
\BOOKMARK [2][-]{subsection.15.5}{\376\377\000M\000o\000n\000i\000t\000o\000r\000i\000n\000g\000\040\000a\000n\000d\000\040\000L\000o\000g\000g\000i\000n\000g}{section.15}% 63
\BOOKMARK [1][-]{section.16}{\376\377\000D\000e\000v\000e\000l\000o\000p\000m\000e\000n\000t\000\040\000S\000t\000a\000n\000d\000a\000r\000d\000s}{}% 64
\BOOKMARK [2][-]{subsection.16.1}{\376\377\000V\000e\000r\000s\000i\000o\000n\000\040\000C\000o\000n\000t\000r\000o\000l}{section.16}% 65
\BOOKMARK [2][-]{subsection.16.2}{\376\377\000C\000o\000d\000e\000\040\000Q\000u\000a\000l\000i\000t\000y\000\040\000a\000n\000d\000\040\000S\000t\000a\000n\000d\000a\000r\000d\000s}{section.16}% 66
\BOOKMARK [2][-]{subsection.16.3}{\376\377\000T\000e\000s\000t\000i\000n\000g\000\040\000R\000e\000q\000u\000i\000r\000e\000m\000e\000n\000t\000s}{section.16}% 67
\BOOKMARK [2][-]{subsection.16.4}{\376\377\000C\000o\000n\000t\000i\000n\000u\000o\000u\000s\000\040\000I\000n\000t\000e\000g\000r\000a\000t\000i\000o\000n\000\040\000a\000n\000d\000\040\000D\000e\000p\000l\000o\000y\000m\000e\000n\000t}{section.16}% 68
\BOOKMARK [1][-]{section.17}{\376\377\000I\000n\000f\000r\000a\000s\000t\000r\000u\000c\000t\000u\000r\000e\000\040\000D\000e\000t\000a\000i\000l\000s}{}% 69
\BOOKMARK [2][-]{subsection.17.1}{\376\377\000A\000W\000S\000\040\000S\000e\000r\000v\000i\000c\000e\000s}{section.17}% 70
\BOOKMARK [2][-]{subsection.17.2}{\376\377\000E\000x\000t\000e\000r\000n\000a\000l\000\040\000S\000e\000r\000v\000i\000c\000e\000s}{section.17}% 71
\BOOKMARK [2][-]{subsection.17.3}{\376\377\000S\000e\000c\000u\000r\000i\000t\000y\000\040\000a\000n\000d\000\040\000C\000o\000m\000p\000l\000i\000a\000n\000c\000e}{section.17}% 72
\BOOKMARK [1][-]{section.18}{\376\377\000S\000u\000c\000c\000e\000s\000s\000\040\000M\000e\000t\000r\000i\000c\000s}{}% 73
\BOOKMARK [2][-]{subsection.18.1}{\376\377\000P\000e\000r\000f\000o\000r\000m\000a\000n\000c\000e\000\040\000M\000e\000t\000r\000i\000c\000s}{section.18}% 74
\BOOKMARK [2][-]{subsection.18.2}{\376\377\000B\000u\000s\000i\000n\000e\000s\000s\000\040\000M\000e\000t\000r\000i\000c\000s}{section.18}% 75
\BOOKMARK [2][-]{subsection.18.3}{\376\377\000U\000s\000e\000r\000\040\000E\000n\000g\000a\000g\000e\000m\000e\000n\000t\000\040\000M\000e\000t\000r\000i\000c\000s}{section.18}% 76
\BOOKMARK [1][-]{section.19}{\376\377\000C\000o\000m\000p\000l\000i\000a\000n\000c\000e\000\040\000\046\000\040\000A\000c\000c\000e\000s\000s\000i\000b\000i\000l\000i\000t\000y}{}% 77
\BOOKMARK [2][-]{subsection.19.1}{\376\377\000A\000c\000c\000e\000s\000s\000i\000b\000i\000l\000i\000t\000y\000\040\000S\000t\000a\000n\000d\000a\000r\000d\000s}{section.19}% 78
\BOOKMARK [2][-]{subsection.19.2}{\376\377\000D\000a\000t\000a\000\040\000P\000r\000o\000t\000e\000c\000t\000i\000o\000n\000\040\000a\000n\000d\000\040\000P\000r\000i\000v\000a\000c\000y\000\040\000C\000o\000m\000p\000l\000i\000a\000n\000c\000e}{section.19}% 79
\BOOKMARK [2][-]{subsection.19.3}{\376\377\000S\000e\000c\000u\000r\000i\000t\000y\000\040\000M\000e\000a\000s\000u\000r\000e\000s}{section.19}% 80
\BOOKMARK [1][-]{section.20}{\376\377\000N\000o\000t\000\040\000I\000n\000c\000l\000u\000d\000e\000d\000\040\000i\000n\000\040\000M\000V\000P}{}% 81
